2025-02-24 23:43:11 - Starting AddressBookAppApplication using Java 19.0.2 with PID 22224 (C:\Users\hnypa\OneDrive\Desktop\CodeXperience\SpringBoot\Address Book App\address-book-app\target\classes started by hnypa in C:\Users\hnypa\OneDrive\Desktop\CodeXperience\SpringBoot\Address Book App\address-book-app)
2025-02-24 23:43:11 - Running with Spring Boot v3.4.3, Spring v6.2.3
2025-02-24 23:43:11 - No active profile set, falling back to 1 default profile: "default"
2025-02-24 23:43:12 - Bootstrapping Spring Data JPA repositories in DEFAULT mode.
2025-02-24 23:43:12 - Finished Spring Data repository scanning in 27 ms. Found 0 JPA repository interfaces.
2025-02-24 23:43:14 - Tomcat initialized with port 8080 (http)
2025-02-24 23:43:14 - Starting service [Tomcat]
2025-02-24 23:43:14 - Starting Servlet engine: [Apache Tomcat/10.1.36]
2025-02-24 23:43:14 - Initializing Spring embedded WebApplicationContext
2025-02-24 23:43:14 - Root WebApplicationContext: initialization completed in 2508 ms
2025-02-24 23:43:14 - HHH000204: Processing PersistenceUnitInfo [name: default]
2025-02-24 23:43:14 - HHH000412: Hibernate ORM core version 6.6.8.Final
2025-02-24 23:43:14 - HHH000026: Second-level cache disabled
2025-02-24 23:43:15 - No LoadTimeWeaver setup: ignoring JPA class transformer
2025-02-24 23:43:15 - HikariPool-1 - Starting...
2025-02-24 23:43:16 - HikariPool-1 - Added connection com.mysql.cj.jdbc.ConnectionImpl@5c573229
2025-02-24 23:43:16 - HikariPool-1 - Start completed.
2025-02-24 23:43:16 - HHH90000025: MySQLDialect does not need to be specified explicitly using 'hibernate.dialect' (remove the property setting and it will be selected by default)
2025-02-24 23:43:16 - HHH10001005: Database info:
	Database JDBC URL [Connecting through datasource 'HikariDataSource (HikariPool-1)']
	Database driver: undefined/unknown
	Database version: 9.2
	Autocommit mode: undefined/unknown
	Isolation level: undefined/unknown
	Minimum pool size: undefined/unknown
	Maximum pool size: undefined/unknown
2025-02-24 23:43:17 - HHH000489: No JTA platform available (set 'hibernate.transaction.jta.platform' to enable JTA platform integration)
2025-02-24 23:43:17 - Initialized JPA EntityManagerFactory for persistence unit 'default'
2025-02-24 23:43:17 - spring.jpa.open-in-view is enabled by default. Therefore, database queries may be performed during view rendering. Explicitly configure spring.jpa.open-in-view to disable this warning
2025-02-24 23:43:18 - Tomcat started on port 8080 (http) with context path '/'
2025-02-24 23:43:18 - Started AddressBookAppApplication in 26.264 seconds (process running for 27.591)
2025-02-24 23:43:27 - Initializing Spring DispatcherServlet 'dispatcherServlet'
2025-02-24 23:43:27 - Initializing Servlet 'dispatcherServlet'
2025-02-24 23:43:27 - Completed initialization in 3 ms
2025-02-24 23:43:27 - Creating contact: ContactDTO(name=John Doe, phoneNumber=1234567890, email=john.doe@example.com, address=123 Main St)
2025-02-24 23:43:29 - Getting all contacts
2025-02-24 23:43:32 - Commencing graceful shutdown. Waiting for active requests to complete
2025-02-24 23:43:32 - Graceful shutdown complete
2025-02-24 23:43:32 - Closing JPA EntityManagerFactory for persistence unit 'default'
2025-02-24 23:43:32 - HikariPool-1 - Shutdown initiated...
2025-02-24 23:43:32 - HikariPool-1 - Shutdown completed.
